<?xml version="1.0" encoding="UTF-8"?>
<testng-results ignored="0" total="1" passed="1" failed="0" skipped="0">
  <reporter-output>
  </reporter-output>
  <suite started-at="2024-09-20T17:42:04 IST" name="Default suite" finished-at="2024-09-20T17:42:20 IST" duration-ms="15911">
    <groups>
    </groups>
    <test started-at="2024-09-20T17:42:04 IST" name="Default test" finished-at="2024-09-20T17:42:20 IST" duration-ms="15911">
      <class name="testcase.CreateLeadTest">
        <test-method is-config="true" signature="preCondition()[pri:0, instance:testcase.CreateLeadTest@53aac487]" started-at="2024-09-20T17:42:04 IST" name="preCondition" finished-at="2024-09-20T17:42:11 IST" duration-ms="7520" status="PASS">
          <reporter-output>
          </reporter-output>
        </test-method> <!-- preCondition -->
        <test-method signature="runCreateLead()[pri:0, instance:testcase.CreateLeadTest@53aac487]" started-at="2024-09-20T17:42:11 IST" name="runCreateLead" finished-at="2024-09-20T17:42:20 IST" duration-ms="8348" status="PASS">
          <reporter-output>
          </reporter-output>
        </test-method> <!-- runCreateLead -->
      </class> <!-- testcase.CreateLeadTest -->
    </test> <!-- Default test -->
  </suite> <!-- Default suite -->
</testng-results>
