<?xml version="1.0" encoding="UTF-8"?>
<testng-results ignored="0" total="1" passed="1" failed="0" skipped="0">
  <reporter-output>
  </reporter-output>
  <suite started-at="2024-09-23T09:25:12 IST" name="Default suite" finished-at="2024-09-23T09:25:29 IST" duration-ms="17892">
    <groups>
    </groups>
    <test started-at="2024-09-23T09:25:12 IST" name="Default test" finished-at="2024-09-23T09:25:29 IST" duration-ms="17892">
      <class name="testcase.DeleteLeadTest">
        <test-method is-config="true" signature="preCondition()[pri:0, instance:testcase.DeleteLeadTest@7db12bb6]" started-at="2024-09-23T09:25:12 IST" name="preCondition" finished-at="2024-09-23T09:25:20 IST" duration-ms="8733" status="PASS">
          <reporter-output>
          </reporter-output>
        </test-method> <!-- preCondition -->
        <test-method signature="runDeleteLead()[pri:0, instance:testcase.DeleteLeadTest@7db12bb6]" started-at="2024-09-23T09:25:20 IST" name="runDeleteLead" finished-at="2024-09-23T09:25:29 IST" duration-ms="8823" status="PASS">
          <reporter-output>
          </reporter-output>
        </test-method> <!-- runDeleteLead -->
        <test-method is-config="true" signature="tearDown()[pri:0, instance:testcase.DeleteLeadTest@7db12bb6]" started-at="2024-09-23T09:25:29 IST" name="tearDown" finished-at="2024-09-23T09:25:29 IST" duration-ms="252" status="PASS">
          <reporter-output>
          </reporter-output>
        </test-method> <!-- tearDown -->
      </class> <!-- testcase.DeleteLeadTest -->
    </test> <!-- Default test -->
  </suite> <!-- Default suite -->
</testng-results>
